<?xml version="1.0" encoding="UTF-8"?>
<!-- Generated by org.testng.reporters.JUnitReportReporter -->
<testsuite skipped="0" hostname="Kumar-PC" name="testPackage.TestClass2" tests="1" failures="0" timestamp="16 Apr 2018 22:19:40 GMT" time="14.605" errors="0">
  <testcase name="loginTest" time="14.605" classname="testPackage.TestClass2"/>
</testsuite> <!-- testPackage.TestClass2 -->
