<?xml version="1.0" encoding="UTF-8"?>
<!-- Generated by org.testng.reporters.JUnitReportReporter -->
<testsuite skipped="0" hostname="Kumar-PC" name="testPackage.TestClass" tests="1" failures="0" timestamp="16 Apr 2018 22:19:40 GMT" time="19.958" errors="0">
  <testcase name="loginTest" time="19.958" classname="testPackage.TestClass"/>
</testsuite> <!-- testPackage.TestClass -->
